<?xml version="1.0" encoding="UTF-8"?>
<!-- Generated by org.testng.reporters.JUnitReportReporter -->
<testsuite hostname="LAPTOP-LG2N16NC" failures="0" tests="1" name="testCases.NonProfitCertificationsTest" time="35.206" errors="0" timestamp="2021-09-03T12:10:10 IST" skipped="0">
  <testcase classname="testCases.NonProfitCertificationsTest" name="NonProfitCertifications" time="35.206"/>
  <system-out/>
</testsuite> <!-- testCases.NonProfitCertificationsTest -->
