<?xml version="1.0" encoding="UTF-8"?>
<!-- Generated by org.testng.reporters.JUnitReportReporter -->
<testsuite hostname="LAPTOP-LG2N16NC" failures="0" tests="1" name="testCases.CreateNewOpportunityTest" time="32.824" errors="0" timestamp="2021-08-22T14:35:30 IST" skipped="0">
  <testcase classname="testCases.CreateNewOpportunityTest" name="createNewOpportunityTest" time="32.824"/>
  <system-out/>
</testsuite> <!-- testCases.CreateNewOpportunityTest -->
