<?xml version="1.0" encoding="UTF-8"?>
<!-- Generated by org.testng.reporters.JUnitReportReporter -->
<testsuite hostname="LAPTOP-LG2N16NC" failures="0" tests="1" name="testCases.AssessmentPOM" time="45.791" errors="0" timestamp="2021-08-31T12:15:57 IST" skipped="0">
  <testcase classname="testCases.AssessmentPOM" name="test" time="45.791"/>
  <system-out/>
</testsuite> <!-- testCases.AssessmentPOM -->
