<?xml version="1.0" encoding="UTF-8"?>
<!-- Generated by org.testng.reporters.JUnitReportReporter -->
<testsuite hostname="LAPTOP-LG2N16NC" failures="0" tests="1" name="testCases.EditOpportunityTest" time="37.140" errors="0" timestamp="2021-08-21T17:05:11 IST" skipped="0">
  <testcase classname="testCases.EditOpportunityTest" name="editOpportunityTest" time="37.140"/>
  <system-out/>
</testsuite> <!-- testCases.EditOpportunityTest -->
