<?xml version="1.0" encoding="UTF-8"?>
<!-- Generated by org.testng.reporters.JUnitReportReporter -->
<testsuite hostname="LAPTOP-LG2N16NC" failures="0" tests="1" name="testCases.EditContactTest" time="33.501" errors="0" timestamp="2021-09-02T09:17:15 IST" skipped="0">
  <testcase classname="testCases.EditContactTest" name="EditContact" time="33.501"/>
  <system-out/>
</testsuite> <!-- testCases.EditContactTest -->
