<?xml version="1.0" encoding="UTF-8"?>
<!-- Generated by org.testng.reporters.JUnitReportReporter -->
<testsuite hostname="LAPTOP-LG2N16NC" failures="0" tests="1" name="testCases.ArchitectCertificationsTest" time="32.966" errors="0" timestamp="2021-08-22T14:35:30 IST" skipped="0">
  <testcase classname="testCases.ArchitectCertificationsTest" name="acrchitectCertifications" time="32.966"/>
  <system-out/>
</testsuite> <!-- testCases.ArchitectCertificationsTest -->
