<?xml version="1.0" encoding="UTF-8"?>
<!-- Generated by org.testng.reporters.JUnitReportReporter -->
<testsuite hostname="LAPTOP-LG2N16NC" failures="0" tests="1" name="testCases.CreateNewOpportunityWithoutMandatoryFieldsTest" time="27.167" errors="0" timestamp="2021-08-21T17:37:45 IST" skipped="0">
  <testcase classname="testCases.CreateNewOpportunityWithoutMandatoryFieldsTest" name="createNewOpportunityWithoutMandatoryFieldsTest" time="27.167"/>
  <system-out/>
</testsuite> <!-- testCases.CreateNewOpportunityWithoutMandatoryFieldsTest -->
