<?xml version="1.0" encoding="UTF-8"?>
<!-- Generated by org.testng.reporters.JUnitReportReporter -->
<testsuite hostname="LAPTOP-LG2N16NC" failures="0" tests="1" name="testCases.CreateCampaignAttachDocTest" time="39.498" errors="0" timestamp="2021-09-04T11:55:21 IST" skipped="0">
  <testcase classname="testCases.CreateCampaignAttachDocTest" name="createCampain" time="39.498"/>
  <system-out/>
</testsuite> <!-- testCases.CreateCampaignAttachDocTest -->
