<?xml version="1.0" encoding="UTF-8"?>
<!-- Generated by org.testng.reporters.JUnitReportReporter -->
<testsuite hostname="LAPTOP-LG2N16NC" failures="0" tests="1" name="testCases.DeleteOpportunityTest" time="27.659" errors="0" timestamp="2021-08-21T17:24:17 IST" skipped="0">
  <testcase classname="testCases.DeleteOpportunityTest" name="deleteOpportunityTest" time="27.659"/>
  <system-out/>
</testsuite> <!-- testCases.DeleteOpportunityTest -->
