<?xml version="1.0" encoding="UTF-8"?>
<!-- Generated by org.testng.reporters.JUnitReportReporter -->
<testsuite hostname="LAPTOP-LG2N16NC" failures="0" tests="1" name="testCases.OpportunitiesSortByAscendingTest" time="41.931" errors="0" timestamp="2021-09-04T09:33:23 IST" skipped="0">
  <testcase classname="testCases.OpportunitiesSortByAscendingTest" name="OpportunitiesSortByAscending" time="41.931"/>
  <system-out/>
</testsuite> <!-- testCases.OpportunitiesSortByAscendingTest -->
