<?xml version="1.0" encoding="UTF-8"?>
<!-- Generated by org.testng.reporters.JUnitReportReporter -->
<testsuite hostname="LAPTOP-LG2N16NC" failures="0" tests="1" name="testCases.CreateNewUserProvisioningRequestTest" time="33.387" errors="0" timestamp="2021-08-29T15:00:53 IST" skipped="0">
  <testcase classname="testCases.CreateNewUserProvisioningRequestTest" name="createNewUserProvisioningRequestTest" time="33.387"/>
  <system-out/>
</testsuite> <!-- testCases.CreateNewUserProvisioningRequestTest -->
