<?xml version="1.0" encoding="UTF-8"?>
<!-- Generated by org.testng.reporters.JUnitReportReporter -->
<testsuite hostname="LAPTOP-LG2N16NC" failures="0" tests="1" name="testCases.CreateNewOpportunityTest" time="34.175" errors="0" timestamp="2021-09-04T12:13:41 IST" skipped="0">
  <testcase classname="testCases.CreateNewOpportunityTest" name="createNewOpportunityTest" time="34.175"/>
  <system-out/>
</testsuite> <!-- testCases.CreateNewOpportunityTest -->
