<?xml version="1.0" encoding="UTF-8"?>
<!-- Generated by org.testng.reporters.JUnitReportReporter -->
<testsuite hostname="LAPTOP-LG2N16NC" failures="0" tests="1" name="testCases.CreateNewOpportunityWithoutMandatoryFieldsTest" time="35.350" errors="0" timestamp="2021-09-04T12:22:10 IST" skipped="0">
  <testcase classname="testCases.CreateNewOpportunityWithoutMandatoryFieldsTest" name="createNewOpportunityWithoutMandatoryFieldsTest" time="35.350"/>
  <system-out/>
</testsuite> <!-- testCases.CreateNewOpportunityWithoutMandatoryFieldsTest -->
