<?xml version="1.0" encoding="UTF-8"?>
<!-- Generated by org.testng.reporters.JUnitReportReporter -->
<testsuite hostname="LAPTOP-LG2N16NC" failures="0" tests="1" name="testCases.CreateserviceTerritoriesTest" time="34.151" errors="0" timestamp="2021-09-04T13:58:44 IST" skipped="0">
  <testcase classname="testCases.CreateserviceTerritoriesTest" name="createserviceTerritoriesTest" time="34.151"/>
  <system-out/>
</testsuite> <!-- testCases.CreateserviceTerritoriesTest -->
