<?xml version="1.0" encoding="UTF-8"?>
<!-- Generated by org.testng.reporters.JUnitReportReporter -->
<testsuite hostname="LAPTOP-LG2N16NC" failures="0" tests="1" name="testCases.EditWorkTypeTest" time="28.320" errors="0" timestamp="2021-09-02T10:32:09 IST" skipped="0">
  <testcase classname="testCases.EditWorkTypeTest" name="EditWorkType" time="28.320"/>
  <system-out/>
</testsuite> <!-- testCases.EditWorkTypeTest -->
