<?xml version="1.0" encoding="UTF-8"?>
<!-- Generated by org.testng.reporters.JUnitReportReporter -->
<testsuite hostname="LAPTOP-LG2N16NC" failures="0" tests="1" name="testCases.VerifyGooglePlayStoreloadedToDownloadSalesForceTest" time="26.033" errors="0" timestamp="2021-09-04T09:59:37 IST" skipped="0">
  <testcase classname="testCases.VerifyGooglePlayStoreloadedToDownloadSalesForceTest" name="VerifyGooglePlayStoreloadedToDownloadSalesForceATest" time="26.033"/>
  <system-out/>
</testsuite> <!-- testCases.VerifyGooglePlayStoreloadedToDownloadSalesForceTest -->
