<?xml version="1.0" encoding="UTF-8"?>
<!-- Generated by org.testng.reporters.JUnitReportReporter -->
<testsuite hostname="LAPTOP-LG2N16NC" failures="0" tests="1" name="testCases.DeleteLeadCampaignTest" time="59.912" errors="0" timestamp="2021-09-03T10:19:14 IST" skipped="0">
  <testcase classname="testCases.DeleteLeadCampaignTest" name="deleteLeadCampaign" time="59.912"/>
  <system-out/>
</testsuite> <!-- testCases.DeleteLeadCampaignTest -->
